<?xml version="1.0" encoding="UTF-8"?>
<!-- Generated by org.testng.reporters.JUnitReportReporter -->
<testsuite hostname="IN01N03744" failures="0" tests="1" name="FrameWorks.ExtentReports.ExtentReportDemo" time="23.824" errors="0" timestamp="2024-05-16T23:36:28 IST" skipped="0">
  <testcase classname="FrameWorks.ExtentReports.ExtentReportDemo" name="initialDemo" time="23.824"/>
</testsuite> <!-- FrameWorks.ExtentReports.ExtentReportDemo -->
