<?xml version="1.0" encoding="UTF-8"?>
<!-- Generated by org.testng.reporters.JUnitReportReporter -->
<testsuite hostname="CHAITANYA" failures="0" tests="1" name="FrameWorks.MavenFrameworkDesign.ErrorValidationsTest" time="9.597" errors="0" timestamp="2024-06-05T07:45:09 IST" skipped="0">
  <testcase classname="FrameWorks.MavenFrameworkDesign.ErrorValidationsTest" name="LoginErrorValidation" time="9.597"/>
</testsuite> <!-- FrameWorks.MavenFrameworkDesign.ErrorValidationsTest -->
