<?xml version="1.0" encoding="UTF-8"?>
<!-- Generated by org.testng.reporters.JUnitReportReporter -->
<testsuite hostname="CHAITANYA" failures="0" tests="3" name="FrameWorks.MavenFrameworkDesign.SubmitOrderTest" time="24.717" errors="0" timestamp="2024-06-05T07:45:09 IST" skipped="0">
  <testcase classname="FrameWorks.MavenFrameworkDesign.SubmitOrderTest" name="ordeHistoryTest" time="11.183"/>
  <testcase classname="FrameWorks.MavenFrameworkDesign.SubmitOrderTest" name="submitOrderTest" time="5.857"/>
  <testcase classname="FrameWorks.MavenFrameworkDesign.SubmitOrderTest" name="submitOrderTest" time="7.677"/>
</testsuite> <!-- FrameWorks.MavenFrameworkDesign.SubmitOrderTest -->
