<?xml version="1.0" encoding="UTF-8"?>
<!-- Generated by org.testng.reporters.JUnitReportReporter -->
<testsuite hostname="IN01N03744" failures="0" tests="1" name="FrameWorks.MavenFrameworkDesign.ErrorValidations" time="5.701" errors="0" timestamp="2024-05-13T22:00:58 IST" skipped="0">
  <testcase classname="FrameWorks.MavenFrameworkDesign.ErrorValidations" name="submitOrderTest" time="5.701"/>
</testsuite> <!-- FrameWorks.MavenFrameworkDesign.ErrorValidations -->
