<?xml version="1.0" encoding="UTF-8"?>
<!-- Generated by org.testng.reporters.JUnitReportReporter -->
<testsuite hostname="IN01N03744" failures="0" tests="3" name="FrameWorks.MavenFrameworkDesign.SubmitOrderTest" time="35.319" errors="0" timestamp="2024-05-28T18:24:30 IST" skipped="0">
  <testcase classname="FrameWorks.MavenFrameworkDesign.SubmitOrderTest" name="ordeHistoryTest" time="15.735"/>
  <testcase classname="FrameWorks.MavenFrameworkDesign.SubmitOrderTest" name="submitOrderTest" time="9.907"/>
  <testcase classname="FrameWorks.MavenFrameworkDesign.SubmitOrderTest" name="submitOrderTest" time="9.677"/>
</testsuite> <!-- FrameWorks.MavenFrameworkDesign.SubmitOrderTest -->
