<?xml version="1.0" encoding="UTF-8"?>
<!-- Generated by org.testng.reporters.JUnitReportReporter -->
<testsuite hostname="IN01N03744" failures="0" tests="1" name="FrameWorks.MavenFrameworkDesign.ErrorValidationsTest" time="16.850" errors="0" timestamp="2024-05-28T18:24:30 IST" skipped="0">
  <testcase classname="FrameWorks.MavenFrameworkDesign.ErrorValidationsTest" name="LoginErrorValidation" time="16.850"/>
</testsuite> <!-- FrameWorks.MavenFrameworkDesign.ErrorValidationsTest -->
