<?xml version="1.0" encoding="UTF-8"?>
<!-- Generated by org.testng.reporters.JUnitReportReporter -->
<testsuite hostname="IN01N03744" failures="0" tests="3" name="FrameWorks.MavenFrameworkDesign.SubmitOrderTest" time="40.691" errors="0" timestamp="2024-05-23T20:38:06 IST" skipped="0">
  <testcase classname="FrameWorks.MavenFrameworkDesign.SubmitOrderTest" name="ordeHistoryTest" time="8.937"/>
  <testcase classname="FrameWorks.MavenFrameworkDesign.SubmitOrderTest" name="submitOrderTest" time="17.904"/>
  <testcase classname="FrameWorks.MavenFrameworkDesign.SubmitOrderTest" name="submitOrderTest" time="13.850"/>
</testsuite> <!-- FrameWorks.MavenFrameworkDesign.SubmitOrderTest -->
