<?xml version="1.0" encoding="UTF-8"?>
<!-- Generated by org.testng.reporters.JUnitReportReporter -->
<testsuite hostname="IN01N03744" failures="0" tests="1" name="FrameWorks.MavenFrameworkDesign.ErrorValidationsTest" time="19.865" errors="0" timestamp="2024-05-23T20:38:06 IST" skipped="0">
  <testcase classname="FrameWorks.MavenFrameworkDesign.ErrorValidationsTest" name="LoginErrorValidation" time="19.865"/>
</testsuite> <!-- FrameWorks.MavenFrameworkDesign.ErrorValidationsTest -->
